app/build/outputs/logs/manifest-merger-debug-report.txt
-- Merging decision tree log ---
manifest
ADDED from src\main\AndroidManifest.xml:2:1-194:12
	package
		ADDED from src\main\AndroidManifest.xml:3:5-26
		INJECTED from src\main\AndroidManifest.xml
		INJECTED from src\main\AndroidManifest.xml
	android:versionName
		ADDED from src\main\AndroidManifest.xml:5:5-32
		INJECTED from src\main\AndroidManifest.xml
		INJECTED from src\main\AndroidManifest.xml
	android:versionCode
		ADDED from src\main\AndroidManifest.xml:4:5-29
		INJECTED from src\main\AndroidManifest.xml
		INJECTED from src\main\AndroidManifest.xml
	xmlns:android
		ADDED from src\main\AndroidManifest.xml:2:11-69
uses-sdk
ADDED from src\main\AndroidManifest.xml:7:5-9:41
	android:targetSdkVersion
		ADDED from src\main\AndroidManifest.xml:9:9-38
		INJECTED from src\main\AndroidManifest.xml
		INJECTED from src\main\AndroidManifest.xml
	android:minSdkVersion
		ADDED from src\main\AndroidManifest.xml:8:9-34
		INJECTED from src\main\AndroidManifest.xml
		INJECTED from src\main\AndroidManifest.xml
supports-screens
ADDED from src\main\AndroidManifest.xml:11:6-16:39
	android:largeScreens
		ADDED from src\main\AndroidManifest.xml:13:9-36
	android:smallScreens
		ADDED from src\main\AndroidManifest.xml:16:9-36
	android:normalScreens
		ADDED from src\main\AndroidManifest.xml:14:9-38
	android:resizeable
		ADDED from src\main\AndroidManifest.xml:15:9-34
	android:anyDensity
		ADDED from src\main\AndroidManifest.xml:12:9-34
uses-permission#android.permission.INTERNET
ADDED from src\main\AndroidManifest.xml:19:5-67
	android:name
		ADDED from src\main\AndroidManifest.xml:19:22-64
uses-permission#android.permission.WRITE_EXTERNAL_STORAGE
ADDED from src\main\AndroidManifest.xml:20:5-81
	android:name
		ADDED from src\main\AndroidManifest.xml:20:22-78
uses-permission#android.permission.READ_PHONE_STATE
ADDED from src\main\AndroidManifest.xml:21:5-75
	android:name
		ADDED from src\main\AndroidManifest.xml:21:22-72
uses-permission#android.permission.READ_LOGS
ADDED from src\main\AndroidManifest.xml:22:5-68
	android:name
		ADDED from src\main\AndroidManifest.xml:22:22-65
permission#cn.bmob.permission.push
ADDED from src\main\AndroidManifest.xml:24:5-27:18
	android:protectionLevel
		ADDED from src\main\AndroidManifest.xml:26:9-41
	android:name
		ADDED from src\main\AndroidManifest.xml:25:9-47
uses-permission#cn.bmob.permission.push
ADDED from src\main\AndroidManifest.xml:28:5-63
	android:name
		ADDED from src\main\AndroidManifest.xml:28:22-60
uses-permission#android.permission.ACCESS_NETWORK_STATE
ADDED from src\main\AndroidManifest.xml:29:5-79
	android:name
		ADDED from src\main\AndroidManifest.xml:29:22-76
uses-permission#android.permission.ACCESS_WIFI_STATE
ADDED from src\main\AndroidManifest.xml:30:5-76
	android:name
		ADDED from src\main\AndroidManifest.xml:30:22-73
uses-permission#android.permission.MOUNT_UNMOUNT_FILESYSTEMS
ADDED from src\main\AndroidManifest.xml:33:5-84
	android:name
		ADDED from src\main\AndroidManifest.xml:33:22-81
uses-permission#android.permission.VIBRATE
ADDED from src\main\AndroidManifest.xml:35:5-66
	android:name
		ADDED from src\main\AndroidManifest.xml:35:22-63
uses-permission#android.permission.GET_ACCOUNTS
ADDED from src\main\AndroidManifest.xml:37:5-71
	android:name
		ADDED from src\main\AndroidManifest.xml:37:22-68
uses-permission#android.permission.USE_CREDENTIALS
ADDED from src\main\AndroidManifest.xml:38:5-74
	android:name
		ADDED from src\main\AndroidManifest.xml:38:22-71
uses-permission#android.permission.MANAGE_ACCOUNTS
ADDED from src\main\AndroidManifest.xml:39:5-74
	android:name
		ADDED from src\main\AndroidManifest.xml:39:22-71
uses-permission#android.permission.AUTHENTICATE_ACCOUNTS
ADDED from src\main\AndroidManifest.xml:40:5-80
	android:name
		ADDED from src\main\AndroidManifest.xml:40:22-77
uses-permission#android.permission.BAIDU_LOCATION_SERVICE
ADDED from src\main\AndroidManifest.xml:41:5-42:23
	android:name
		ADDED from src\main\AndroidManifest.xml:41:22-78
uses-permission#android.permission.ACCESS_MOCK_LOCATION
ADDED from src\main\AndroidManifest.xml:43:5-44:23
	android:name
		ADDED from src\main\AndroidManifest.xml:43:22-76
uses-permission#com.android.launcher.permission.READ_SETTINGS
ADDED from src\main\AndroidManifest.xml:45:5-85
	android:name
		ADDED from src\main\AndroidManifest.xml:45:22-82
uses-permission#android.permission.WAKE_LOCK
ADDED from src\main\AndroidManifest.xml:46:5-47:23
	android:name
		ADDED from src\main\AndroidManifest.xml:46:22-65
uses-permission#android.permission.ACCESS_GPS
ADDED from src\main\AndroidManifest.xml:48:5-69
	android:name
		ADDED from src\main\AndroidManifest.xml:48:22-66
uses-permission#android.permission.READ_CONTACTS
ADDED from src\main\AndroidManifest.xml:49:5-72
	android:name
		ADDED from src\main\AndroidManifest.xml:49:22-69
uses-permission#android.permission.CALL_PHONE
ADDED from src\main\AndroidManifest.xml:50:5-69
	android:name
		ADDED from src\main\AndroidManifest.xml:50:22-66
uses-permission#android.permission.READ_SMS
ADDED from src\main\AndroidManifest.xml:51:5-67
	android:name
		ADDED from src\main\AndroidManifest.xml:51:22-64
uses-permission#android.permission.SEND_SMS
ADDED from src\main\AndroidManifest.xml:52:5-67
	android:name
		ADDED from src\main\AndroidManifest.xml:52:22-64
uses-permission#android.permission.GET_TASKS
ADDED from src\main\AndroidManifest.xml:54:5-68
	android:name
		ADDED from src\main\AndroidManifest.xml:54:22-65
uses-permission#android.permission.CAMERA
ADDED from src\main\AndroidManifest.xml:55:5-56:23
	android:name
		ADDED from src\main\AndroidManifest.xml:55:22-62
uses-permission#android.permission.RECORD_AUDIO
ADDED from src\main\AndroidManifest.xml:57:5-58:23
	android:name
		ADDED from src\main\AndroidManifest.xml:57:22-68
uses-permission#android.permission.RECEIVE_BOOT_COMPLETED
ADDED from src\main\AndroidManifest.xml:61:5-81
	android:name
		ADDED from src\main\AndroidManifest.xml:61:22-78
uses-permission#android.permission.BROADCAST_STICKY
ADDED from src\main\AndroidManifest.xml:62:5-75
	android:name
		ADDED from src\main\AndroidManifest.xml:62:22-72
uses-permission#android.permission.WRITE_SETTINGS
ADDED from src\main\AndroidManifest.xml:63:5-73
	android:name
		ADDED from src\main\AndroidManifest.xml:63:22-70
uses-permission#android.permission.PROCESS_OUTGOING_CALLS
ADDED from src\main\AndroidManifest.xml:65:5-66:23
	android:name
		ADDED from src\main\AndroidManifest.xml:65:22-78
uses-permission#android.permission.MODIFY_AUDIO_SETTINGS
ADDED from src\main\AndroidManifest.xml:67:5-80
	android:name
		ADDED from src\main\AndroidManifest.xml:67:22-77
uses-permission#android.permission.ACCESS_COARSE_LOCATION
ADDED from src\main\AndroidManifest.xml:70:2-94
	android:name
		ADDED from src\main\AndroidManifest.xml:70:19-75
uses-permission#android.permission.ACCESS_FINE_LOCATION
ADDED from src\main\AndroidManifest.xml:72:2-92
	android:name
		ADDED from src\main\AndroidManifest.xml:72:19-73
uses-permission#android.permission.CHANGE_WIFI_STATE
ADDED from src\main\AndroidManifest.xml:78:2-89
	android:name
		ADDED from src\main\AndroidManifest.xml:78:19-70
uses-feature#android.hardware.camera
ADDED from src\main\AndroidManifest.xml:83:5-60
	android:name
		ADDED from src\main\AndroidManifest.xml:83:19-57
uses-feature#android.hardware.camera.autofocus
ADDED from src\main\AndroidManifest.xml:84:5-70
	android:name
		ADDED from src\main\AndroidManifest.xml:84:19-67
application
ADDED from src\main\AndroidManifest.xml:87:5-192:19
	android:label
		ADDED from src\main\AndroidManifest.xml:91:9-41
	android:allowBackup
		ADDED from src\main\AndroidManifest.xml:89:9-35
	android:icon
		ADDED from src\main\AndroidManifest.xml:90:9-45
	android:theme
		ADDED from src\main\AndroidManifest.xml:92:9-40
	android:name
		ADDED from src\main\AndroidManifest.xml:88:9-57
activity#com.bmob.im.demo.ui.SplashActivity
ADDED from src\main\AndroidManifest.xml:93:9-101:20
	android:label
		ADDED from src\main\AndroidManifest.xml:95:13-45
	android:name
		ADDED from src\main\AndroidManifest.xml:94:13-62
intent-filter#android.intent.action.MAIN+android.intent.category.LAUNCHER
ADDED from src\main\AndroidManifest.xml:96:13-100:29
action#android.intent.action.MAIN
ADDED from src\main\AndroidManifest.xml:97:17-69
	android:name
		ADDED from src\main\AndroidManifest.xml:97:25-66
category#android.intent.category.LAUNCHER
ADDED from src\main\AndroidManifest.xml:99:17-77
	android:name
		ADDED from src\main\AndroidManifest.xml:99:27-74
activity#com.bmob.im.demo.ui.MainActivity
ADDED from src\main\AndroidManifest.xml:102:9-105:73
	android:launchMode
		ADDED from src\main\AndroidManifest.xml:104:13-44
	android:windowSoftInputMode
		ADDED from src\main\AndroidManifest.xml:105:13-70
	android:name
		ADDED from src\main\AndroidManifest.xml:103:13-60
activity#com.bmob.im.demo.ui.SetActivity
ADDED from src\main\AndroidManifest.xml:106:9-67
	android:name
		ADDED from src\main\AndroidManifest.xml:106:19-65
activity#com.bmob.im.demo.ui.LoginActivity
ADDED from src\main\AndroidManifest.xml:107:9-70
	android:name
		ADDED from src\main\AndroidManifest.xml:107:19-67
activity#com.bmob.im.demo.ui.LocationActivity
ADDED from src\main\AndroidManifest.xml:109:9-73
	android:name
		ADDED from src\main\AndroidManifest.xml:109:19-70
activity#com.bmob.im.demo.ui.BlackListActivity
ADDED from src\main\AndroidManifest.xml:111:9-74
	android:name
		ADDED from src\main\AndroidManifest.xml:111:19-71
activity#com.bmob.im.demo.ui.ImageBrowserActivity
ADDED from src\main\AndroidManifest.xml:113:9-77
	android:name
		ADDED from src\main\AndroidManifest.xml:113:19-74
activity#com.bmob.im.demo.ui.AddFriendActivity
ADDED from src\main\AndroidManifest.xml:115:9-117:67
	android:windowSoftInputMode
		ADDED from src\main\AndroidManifest.xml:117:13-64
	android:name
		ADDED from src\main\AndroidManifest.xml:116:13-65
activity#com.bmob.im.demo.ui.NewFriendActivity
ADDED from src\main\AndroidManifest.xml:119:9-74
	android:name
		ADDED from src\main\AndroidManifest.xml:119:19-71
activity#com.bmob.im.demo.ui.NearPeopleActivity
ADDED from src\main\AndroidManifest.xml:120:9-75
	android:name
		ADDED from src\main\AndroidManifest.xml:120:19-72
activity#com.bmob.im.demo.ui.UpdateInfoActivity
ADDED from src\main\AndroidManifest.xml:122:9-75
	android:name
		ADDED from src\main\AndroidManifest.xml:122:19-72
activity#com.bmob.im.demo.ui.ChatActivity
ADDED from src\main\AndroidManifest.xml:124:9-126:76
	android:windowSoftInputMode
		ADDED from src\main\AndroidManifest.xml:126:13-73
	android:name
		ADDED from src\main\AndroidManifest.xml:125:13-60
activity#com.bmob.im.demo.ui.SetMyInfoActivity
ADDED from src\main\AndroidManifest.xml:128:9-74
	android:name
		ADDED from src\main\AndroidManifest.xml:128:19-71
activity#com.bmob.im.demo.ui.GameActivity
ADDED from src\main\AndroidManifest.xml:129:9-68
	android:name
		ADDED from src\main\AndroidManifest.xml:129:19-66
activity#com.bmob.im.demo.ui.PlayGameActivity
ADDED from src\main\AndroidManifest.xml:130:9-72
	android:name
		ADDED from src\main\AndroidManifest.xml:130:19-70
activity#com.bmob.im.demo.ui.FriendListActivity
ADDED from src\main\AndroidManifest.xml:131:9-74
	android:name
		ADDED from src\main\AndroidManifest.xml:131:19-72
activity#com.bmob.im.demo.ui.ShakeActivity
ADDED from src\main\AndroidManifest.xml:132:9-69
	android:name
		ADDED from src\main\AndroidManifest.xml:132:19-67
activity#com.bmob.im.demo.ui.ScanActivity
ADDED from src\main\AndroidManifest.xml:133:9-68
	android:name
		ADDED from src\main\AndroidManifest.xml:133:19-66
activity#com.bmob.im.demo.ui.ResultActivity
ADDED from src\main\AndroidManifest.xml:134:9-70
	android:name
		ADDED from src\main\AndroidManifest.xml:134:19-68
activity#com.bmob.im.demo.ui.ShopActivity
ADDED from src\main\AndroidManifest.xml:135:9-68
	android:name
		ADDED from src\main\AndroidManifest.xml:135:19-66
activity#com.bmob.im.demo.ui.RegisterActivity
ADDED from src\main\AndroidManifest.xml:136:9-138:48
	android:label
		ADDED from src\main\AndroidManifest.xml:138:13-45
	android:name
		ADDED from src\main\AndroidManifest.xml:137:13-64
meta-data#com.baidu.lbsapi.API_KEY
ADDED from src\main\AndroidManifest.xml:141:9-143:64
	android:value
		ADDED from src\main\AndroidManifest.xml:143:13-61
	android:name
		ADDED from src\main\AndroidManifest.xml:142:13-52
service#com.baidu.location.f
ADDED from src\main\AndroidManifest.xml:145:10-153:19
	android:enabled
		ADDED from src\main\AndroidManifest.xml:147:13-35
	android:process
		ADDED from src\main\AndroidManifest.xml:148:13-38
	android:name
		ADDED from src\main\AndroidManifest.xml:146:13-48
intent-filter#com.baidu.location.service_v2.2
ADDED from src\main\AndroidManifest.xml:149:13-152:29
action#com.baidu.location.service_v2.2
ADDED from src\main\AndroidManifest.xml:150:17-151:26
	android:name
		ADDED from src\main\AndroidManifest.xml:150:25-71
service#cn.bmob.push.lib.service.PushService
ADDED from src\main\AndroidManifest.xml:156:9-165:19
	android:process
		ADDED from src\main\AndroidManifest.xml:161:13-43
	android:label
		ADDED from src\main\AndroidManifest.xml:159:13-40
	android:exported
		ADDED from src\main\AndroidManifest.xml:158:13-36
	android:permission
		ADDED from src\main\AndroidManifest.xml:160:13-57
	android:name
		ADDED from src\main\AndroidManifest.xml:157:13-64
intent-filter#cn.bmob.push.lib.service.PushService
ADDED from src\main\AndroidManifest.xml:162:13-164:29
action#cn.bmob.push.lib.service.PushService
ADDED from src\main\AndroidManifest.xml:163:17-79
	android:name
		ADDED from src\main\AndroidManifest.xml:163:25-76
receiver#cn.bmob.push.PushReceiver
ADDED from src\main\AndroidManifest.xml:167:9-176:20
	android:name
		ADDED from src\main\AndroidManifest.xml:167:19-59
intent-filter#android.intent.action.BOOT_COMPLETED+android.intent.action.USER_PRESENT+android.net.conn.CONNECTIVITY_CHANGE
ADDED from src\main\AndroidManifest.xml:168:13-175:29
	android:priority
		ADDED from src\main\AndroidManifest.xml:168:28-57
action#android.intent.action.BOOT_COMPLETED
ADDED from src\main\AndroidManifest.xml:170:17-79
	android:name
		ADDED from src\main\AndroidManifest.xml:170:25-76
action#android.intent.action.USER_PRESENT
ADDED from src\main\AndroidManifest.xml:172:17-77
	android:name
		ADDED from src\main\AndroidManifest.xml:172:25-74
action#android.net.conn.CONNECTIVITY_CHANGE
ADDED from src\main\AndroidManifest.xml:174:17-79
	android:name
		ADDED from src\main\AndroidManifest.xml:174:25-76
receiver#com.bmob.im.demo.MyMessageReceiver
ADDED from src\main\AndroidManifest.xml:177:9-181:20
	android:name
		ADDED from src\main\AndroidManifest.xml:177:19-68
intent-filter#cn.bmob.push.action.MESSAGE
ADDED from src\main\AndroidManifest.xml:178:13-180:29
action#cn.bmob.push.action.MESSAGE
ADDED from src\main\AndroidManifest.xml:179:17-70
	android:name
		ADDED from src\main\AndroidManifest.xml:179:25-67
service#cn.bmob.im.poll.BmobPollService
ADDED from src\main\AndroidManifest.xml:186:10-190:19
	android:name
		ADDED from src\main\AndroidManifest.xml:186:19-65
intent-filter#cn.bmob.im.service.BmobPollService
ADDED from src\main\AndroidManifest.xml:187:13-189:29
action#cn.bmob.im.service.BmobPollService
ADDED from src\main\AndroidManifest.xml:188:17-76
	android:name
		ADDED from src\main\AndroidManifest.xml:188:25-74